Using pre-set license
Built from '2022.3/staging' branch; Version is '2022.3.9f1 (ea401c316338) revision 15351836'; Using compiler version '192829333'; Build Type 'Release'
OS: 'Windows 11  (10.0.22631) 64bit CoreSingleLanguage' Language: 'en' Physical Memory: 16075 MB
BatchMode: 1, IsHumanControllingUs: 0, StartBugReporterOnCrash: 0, Is64bit: 1, IsPro: 1

COMMAND LINE ARGUMENTS:
D:\maya\2022.3.9f1\Editor\Unity.exe
-adb2
-batchMode
-noUpm
-name
AssetImportWorker0
-projectPath
D:/Github/MMMG/MMMG/MMMG
-logFile
Logs/AssetImportWorker0.log
-srvPort
56150
Successfully changed project path to: D:/Github/MMMG/MMMG/MMMG
D:/Github/MMMG/MMMG/MMMG
[UnityMemory] Configuration Parameters - Can be set up in boot.config
    "memorysetup-bucket-allocator-granularity=16"
    "memorysetup-bucket-allocator-bucket-count=8"
    "memorysetup-bucket-allocator-block-size=33554432"
    "memorysetup-bucket-allocator-block-count=8"
    "memorysetup-main-allocator-block-size=16777216"
    "memorysetup-thread-allocator-block-size=16777216"
    "memorysetup-gfx-main-allocator-block-size=16777216"
    "memorysetup-gfx-thread-allocator-block-size=16777216"
    "memorysetup-cache-allocator-block-size=4194304"
    "memorysetup-typetree-allocator-block-size=2097152"
    "memorysetup-profiler-bucket-allocator-granularity=16"
    "memorysetup-profiler-bucket-allocator-bucket-count=8"
    "memorysetup-profiler-bucket-allocator-block-size=33554432"
    "memorysetup-profiler-bucket-allocator-block-count=8"
    "memorysetup-profiler-allocator-block-size=16777216"
    "memorysetup-profiler-editor-allocator-block-size=1048576"
    "memorysetup-temp-allocator-size-main=16777216"
    "memorysetup-job-temp-allocator-block-size=2097152"
    "memorysetup-job-temp-allocator-block-size-background=1048576"
    "memorysetup-job-temp-allocator-reduction-small-platforms=262144"
    "memorysetup-allocator-temp-initial-block-size-main=262144"
    "memorysetup-allocator-temp-initial-block-size-worker=262144"
    "memorysetup-temp-allocator-size-background-worker=32768"
    "memorysetup-temp-allocator-size-job-worker=262144"
    "memorysetup-temp-allocator-size-preload-manager=33554432"
    "memorysetup-temp-allocator-size-nav-mesh-worker=65536"
    "memorysetup-temp-allocator-size-audio-worker=65536"
    "memorysetup-temp-allocator-size-cloud-worker=32768"
    "memorysetup-temp-allocator-size-gi-baking-worker=262144"
    "memorysetup-temp-allocator-size-gfx=262144"
Player connection [5096] Host "[IP] 192.168.1.105 [Port] 0 [Flags] 2 [Guid] 320175905 [EditorId] 320175905 [Version] 1048832 [Id] WindowsEditor(7,LAPTOP-VH7NEOC0) [Debug] 1 [PackageName] WindowsEditor [ProjectName] Editor" joined multi-casting on [225.0.0.222:54997]...

Player connection [5096] Host "[IP] 192.168.1.105 [Port] 0 [Flags] 2 [Guid] 320175905 [EditorId] 320175905 [Version] 1048832 [Id] WindowsEditor(7,LAPTOP-VH7NEOC0) [Debug] 1 [PackageName] WindowsEditor [ProjectName] Editor" joined alternative multi-casting on [225.0.0.222:34997]...

[Physics::Module] Initialized MultithreadedJobDispatcher with 7 workers.
Refreshing native plugins compatible for Editor in 9.17 ms, found 3 plugins.
Preloading 0 native plugins for Editor in 0.00 ms.
Initialize engine version: 2022.3.9f1 (ea401c316338)
[Subsystems] Discovering subsystems at path D:/maya/2022.3.9f1/Editor/Data/Resources/UnitySubsystems
[Subsystems] Discovering subsystems at path D:/Github/MMMG/MMMG/MMMG/Assets
GfxDevice: creating device client; threaded=0; jobified=0
Direct3D:
    Version:  Direct3D 11.0 [level 11.1]
    Renderer: NVIDIA GeForce RTX 3050 Laptop GPU (ID=0x25a2)
    Vendor:   NVIDIA
    VRAM:     3964 MB
    Driver:   31.0.15.5161
Initialize mono
Mono path[0] = 'D:/maya/2022.3.9f1/Editor/Data/Managed'
Mono path[1] = 'D:/maya/2022.3.9f1/Editor/Data/MonoBleedingEdge/lib/mono/unityjit-win32'
Mono config path = 'D:/maya/2022.3.9f1/Editor/Data/MonoBleedingEdge/etc'
Using monoOptions --debugger-agent=transport=dt_socket,embedding=1,server=y,suspend=n,address=127.0.0.1:56092
Begin MonoManager ReloadAssembly
Registering precompiled unity dll's ...
Register platform support module: D:/maya/2022.3.9f1/Editor/Data/PlaybackEngines/AndroidPlayer/UnityEditor.Android.Extensions.dll
Register platform support module: D:/maya/2022.3.9f1/Editor/Data/PlaybackEngines/WindowsStandaloneSupport/UnityEditor.WindowsStandalone.Extensions.dll
Register platform support module: D:/maya/2022.3.9f1/Editor/Data/PlaybackEngines/MetroSupport/UnityEditor.UWP.Extensions.dll
Registered in 0.007717 seconds.
- Loaded All Assemblies, in  0.492 seconds
Native extension for UWP target not found
Native extension for WindowsStandalone target not found
Native extension for Android target not found
Android Extension - Scanning For ADB Devices 350 ms
Mono: successfully reloaded assembly
- Finished resetting the current domain, in  0.737 seconds
Domain Reload Profiling: 1229ms
	BeginReloadAssembly (128ms)
		ExecutionOrderSort (0ms)
		DisableScriptedObjects (0ms)
		BackupInstance (0ms)
		ReleaseScriptingObjects (0ms)
		CreateAndSetChildDomain (1ms)
	RebuildCommonClasses (44ms)
	RebuildNativeTypeToScriptingClass (17ms)
	initialDomainReloadingComplete (75ms)
	LoadAllAssembliesAndSetupDomain (227ms)
		LoadAssemblies (129ms)
		RebuildTransferFunctionScriptingTraits (0ms)
		AnalyzeDomain (224ms)
			TypeCache.Refresh (221ms)
				TypeCache.ScanAssembly (199ms)
			ScanForSourceGeneratedMonoScriptInfo (1ms)
			ResolveRequiredComponents (1ms)
	FinalizeReload (737ms)
		ReleaseScriptCaches (0ms)
		RebuildScriptCaches (0ms)
		SetupLoadedEditorAssemblies (659ms)
			LogAssemblyErrors (0ms)
			InitializePlatformSupportModulesInManaged (477ms)
			SetLoadedEditorAssemblies (5ms)
			RefreshPlugins (0ms)
			BeforeProcessingInitializeOnLoad (3ms)
			ProcessInitializeOnLoadAttributes (115ms)
			ProcessInitializeOnLoadMethodAttributes (59ms)
			AfterProcessingInitializeOnLoad (0ms)
			EditorAssembliesLoaded (0ms)
		ExecutionOrderSort2 (0ms)
		AwakeInstancesAfterBackupRestoration (0ms)
========================================================================
Worker process is ready to serve import requests
Begin MonoManager ReloadAssembly
Symbol file data-000001D60E873010 doesn't match image D:\Github\MMMG\MMMG\MMMG\Library\ScriptAssemblies\Unity.EditorCoroutines.Editor.dll
Symbol file LoadedFromMemory is not a mono symbol file
Symbol file data-000001D5C90083B0 doesn't match image D:\Github\MMMG\MMMG\MMMG\Library\ScriptAssemblies\Unity.PlasticSCM.Editor.dll
Symbol file LoadedFromMemory is not a mono symbol file
Symbol file data-000001D5C901D7C0 doesn't match image D:\Github\MMMG\MMMG\MMMG\Library\ScriptAssemblies\PhotonUnityNetworking.Editor.dll
Symbol file LoadedFromMemory is not a mono symbol file
Symbol file data-000001D60CDF9010 doesn't match image D:\Github\MMMG\MMMG\MMMG\Library\ScriptAssemblies\Unity.Timeline.Editor.dll
Symbol file LoadedFromMemory is not a mono symbol file
Symbol file data-000001D60E873010 doesn't match image D:\Github\MMMG\MMMG\MMMG\Library\ScriptAssemblies\Unity.VisualScripting.Shared.Editor.dll
Symbol file LoadedFromMemory is not a mono symbol file
Symbol file data-000001D60E873010 doesn't match image D:\Github\MMMG\MMMG\MMMG\Library\ScriptAssemblies\PhotonUnityNetworking.Utilities.PhotonPlayer.Editor.dll
Symbol file LoadedFromMemory is not a mono symbol file
Symbol file data-000001D60E873010 doesn't match image D:\Github\MMMG\MMMG\MMMG\Library\ScriptAssemblies\Unity.CollabProxy.Editor.dll
Symbol file LoadedFromMemory is not a mono symbol file
Symbol file data-000001D5C90367D0 doesn't match image D:\Github\MMMG\MMMG\MMMG\Library\ScriptAssemblies\Unity.VisualStudio.Editor.dll
Symbol file LoadedFromMemory is not a mono symbol file
Symbol file data-000001D5C904E5E0 doesn't match image D:\Github\MMMG\MMMG\MMMG\Library\ScriptAssemblies\UnityEditor.UI.dll
Symbol file LoadedFromMemory is not a mono symbol file
Symbol file data-000001D60CDF9010 doesn't match image D:\Github\MMMG\MMMG\MMMG\Library\ScriptAssemblies\Unity.VisualScripting.Core.dll
Symbol file LoadedFromMemory is not a mono symbol file
Symbol file data-000001D60CE3A620 doesn't match image D:\Github\MMMG\MMMG\MMMG\Library\ScriptAssemblies\UnityEngine.UI.dll
Symbol file LoadedFromMemory is not a mono symbol file
Symbol file data-000001D5C8F69010 doesn't match image D:\Github\MMMG\MMMG\MMMG\Library\ScriptAssemblies\Unity.VisualScripting.Core.Editor.dll
Symbol file LoadedFromMemory is not a mono symbol file
Symbol file data-000001D60E72AE30 doesn't match image D:\Github\MMMG\MMMG\MMMG\Library\ScriptAssemblies\PunDemos.DemoSlotcarEditor.dll
Symbol file LoadedFromMemory is not a mono symbol file
Symbol file data-000001D5C904E5E0 doesn't match image D:\Github\MMMG\MMMG\MMMG\Library\ScriptAssemblies\Unity.Rider.Editor.dll
Symbol file LoadedFromMemory is not a mono symbol file
Symbol file data-000001D60E042010 doesn't match image D:\Github\MMMG\MMMG\MMMG\Library\ScriptAssemblies\Unity.VisualScripting.Flow.dll
Symbol file LoadedFromMemory is not a mono symbol file
Symbol file data-000001D60E618430 doesn't match image D:\Github\MMMG\MMMG\MMMG\Library\ScriptAssemblies\Unity.VisualScripting.Flow.Editor.dll
Symbol file LoadedFromMemory is not a mono symbol file
Symbol file data-000001D60E72AE30 doesn't match image D:\Github\MMMG\MMMG\MMMG\Library\ScriptAssemblies\PhotonChat.dll
Symbol file LoadedFromMemory is not a mono symbol file
Symbol file data-000001D5C8FB9A00 doesn't match image D:\Github\MMMG\MMMG\MMMG\Library\ScriptAssemblies\PhotonRealtime.dll
Symbol file LoadedFromMemory is not a mono symbol file
Symbol file data-000001D60E094E20 doesn't match image D:\Github\MMMG\MMMG\MMMG\Library\ScriptAssemblies\Unity.Timeline.dll
Symbol file LoadedFromMemory is not a mono symbol file
Symbol file data-000001D60E72AE30 doesn't match image D:\Github\MMMG\MMMG\MMMG\Library\ScriptAssemblies\Unity.TestTools.CodeCoverage.Editor.OpenCover.Mono.Reflection.dll
Symbol file LoadedFromMemory is not a mono symbol file
Symbol file data-000001D60E873010 doesn't match image D:\Github\MMMG\MMMG\MMMG\Library\ScriptAssemblies\Unity.VisualScripting.SettingsProvider.Editor.dll
Symbol file LoadedFromMemory is not a mono symbol file
Symbol file data-000001D60E0B1630 doesn't match image D:\Github\MMMG\MMMG\MMMG\Library\ScriptAssemblies\PhotonUnityNetworking.dll
Symbol file LoadedFromMemory is not a mono symbol file
Symbol file data-000001D60EBFB420 doesn't match image D:\Github\MMMG\MMMG\MMMG\Library\ScriptAssemblies\Unity.Performance.Profile-Analyzer.Editor.dll
Symbol file LoadedFromMemory is not a mono symbol file
Symbol file data-000001D60E873010 doesn't match image D:\Github\MMMG\MMMG\MMMG\Library\ScriptAssemblies\PhotonUnityNetworking.Utilities.Culling.Editor.dll
Symbol file LoadedFromMemory is not a mono symbol file
Symbol file data-000001D60EC1C630 doesn't match image D:\Github\MMMG\MMMG\MMMG\Library\ScriptAssemblies\Unity.TestTools.CodeCoverage.Editor.dll
Symbol file LoadedFromMemory is not a mono symbol file
Symbol file data-000001D60CE60040 doesn't match image D:\Github\MMMG\MMMG\MMMG\Library\ScriptAssemblies\Unity.TestTools.CodeCoverage.Editor.OpenCover.Model.dll
Symbol file LoadedFromMemory is not a mono symbol file
Symbol file data-000001D60CE60040 doesn't match image D:\Github\MMMG\MMMG\MMMG\Library\ScriptAssemblies\Unity.VisualScripting.State.Editor.dll
Symbol file LoadedFromMemory is not a mono symbol file
Symbol file data-000001D60E0B1630 doesn't match image D:\Github\MMMG\MMMG\MMMG\Library\ScriptAssemblies\Unity.Settings.Editor.dll
Symbol file LoadedFromMemory is not a mono symbol file
Symbol file data-000001D60E4043A0 doesn't match image D:\Github\MMMG\MMMG\MMMG\Library\ScriptAssemblies\PhotonUnityNetworking.Demos.dll
Symbol file LoadedFromMemory is not a mono symbol file
Symbol file data-000001D60E0B1630 doesn't match image D:\Github\MMMG\MMMG\MMMG\Library\ScriptAssemblies\PhotonUnityNetworking.Utilities.dll
Symbol file LoadedFromMemory is not a mono symbol file
Symbol file data-000001D60CC402A0 doesn't match image D:\Github\MMMG\MMMG\MMMG\Library\ScriptAssemblies\Unity.TextMeshPro.dll
Symbol file LoadedFromMemory is not a mono symbol file
Symbol file data-000001D60CC402A0 doesn't match image D:\Github\MMMG\MMMG\MMMG\Library\ScriptAssemblies\Unity.TextMeshPro.Editor.dll
Symbol file LoadedFromMemory is not a mono symbol file
Symbol file data-000001D60CC402A0 doesn't match image D:\Github\MMMG\MMMG\MMMG\Library\ScriptAssemblies\Unity.VisualScripting.State.dll
Symbol file LoadedFromMemory is not a mono symbol file
Symbol file data-000001D60E0B9640 doesn't match image D:\Github\MMMG\MMMG\MMMG\Library\ScriptAssemblies\PunDemos.DemoHubEditor.dll
Symbol file LoadedFromMemory is not a mono symbol file
Symbol file data-000001D60CC4C0B0 doesn't match image D:\Github\MMMG\MMMG\MMMG\Library\ScriptAssemblies\Unity.VSCode.Editor.dll
Symbol file LoadedFromMemory is not a mono symbol file
- Loaded All Assemblies, in  0.866 seconds
Refreshing native plugins compatible for Editor in 3.16 ms, found 3 plugins.
Native extension for UWP target not found
Native extension for WindowsStandalone target not found
Native extension for Android target not found
Package Manager log level set to [2]
[Package Manager] Server::EnsureServerProcessIsRunning -- launch failed, reason: Unity was launched with the -noUpm command-line argument
[Package Manager] UpmClient::Send -- Unable to send message (not connected to UPM process).
[Package Manager] Cannot connect to Unity Package Manager local server
Mono: successfully reloaded assembly
- Finished resetting the current domain, in  0.779 seconds
Domain Reload Profiling: 1645ms
	BeginReloadAssembly (257ms)
		ExecutionOrderSort (0ms)
		DisableScriptedObjects (6ms)
		BackupInstance (0ms)
		ReleaseScriptingObjects (0ms)
		CreateAndSetChildDomain (40ms)
	RebuildCommonClasses (65ms)
	RebuildNativeTypeToScriptingClass (17ms)
	initialDomainReloadingComplete (46ms)
	LoadAllAssembliesAndSetupDomain (480ms)
		LoadAssemblies (400ms)
		RebuildTransferFunctionScriptingTraits (0ms)
		AnalyzeDomain (249ms)
			TypeCache.Refresh (218ms)
				TypeCache.ScanAssembly (196ms)
			ScanForSourceGeneratedMonoScriptInfo (20ms)
			ResolveRequiredComponents (8ms)
	FinalizeReload (780ms)
		ReleaseScriptCaches (0ms)
		RebuildScriptCaches (0ms)
		SetupLoadedEditorAssemblies (556ms)
			LogAssemblyErrors (0ms)
			InitializePlatformSupportModulesInManaged (29ms)
			SetLoadedEditorAssemblies (6ms)
			RefreshPlugins (0ms)
			BeforeProcessingInitializeOnLoad (66ms)
			ProcessInitializeOnLoadAttributes (417ms)
			ProcessInitializeOnLoadMethodAttributes (34ms)
			AfterProcessingInitializeOnLoad (4ms)
			EditorAssembliesLoaded (0ms)
		ExecutionOrderSort2 (0ms)
		AwakeInstancesAfterBackupRestoration (12ms)
Launched and connected shader compiler UnityShaderCompiler.exe after 0.06 seconds
Refreshing native plugins compatible for Editor in 3.91 ms, found 3 plugins.
Preloading 0 native plugins for Editor in 0.00 ms.
Unloading 3304 Unused Serialized files (Serialized files now loaded: 0)
Unloading 38 unused Assets / (59.2 KB). Loaded Objects now: 3777.
Memory consumption went from 126.4 MB to 126.4 MB.
Total: 3.601400 ms (FindLiveObjects: 0.308100 ms CreateObjectMapping: 0.115500 ms MarkObjects: 3.025200 ms  DeleteObjects: 0.150900 ms)

AssetImportParameters requested are different than current active one (requested -> active):
  custom:container-demuxer-ogg: 62fdf1f143b41e24485cea50d1cbac27 -> 
  custom:video-codec-MediaFoundation-h265: 746d11721c4dcdbdad8f713fa42b33f4 -> 
  custom:video-decoder-ogg-theora: a1e56fd34408186e4bbccfd4996cb3dc -> 
  custom:framework-win-MediaFoundation: 216162199b28c13a410421893ffa2e32 -> 
  custom:container-demuxer-webm: 4f35f7cbe854078d1ac9338744f61a02 -> 
  custom:container-muxer-webm: aa71ff27fc2769a1b78a27578f13a17b -> 
  custom:video-decoder-webm-vp8: 9c59270c3fd7afecdb556c50c9e8de78 -> 
  custom:AudioImporter_EditorPlatform: d09bf68614088b80899f8185d706f6e7 -> 
  custom:video-encoder-webm-vp8: eb34c28f22e8b96e1ab97ce403110664 -> 
  custom:audio-decoder-ogg-vorbis: bf7c407c2cedff20999df2af8eb42d56 -> 
  custom:audio-encoder-webm-vorbis: bf7c407c2cedff20999df2af8eb42d56 -> 
========================================================================
Received Prepare
Refreshing native plugins compatible for Editor in 4.37 ms, found 3 plugins.
Preloading 0 native plugins for Editor in 0.00 ms.
Unloading 1 Unused Serialized files (Serialized files now loaded: 0)
Unloading 1 unused Assets / (3.0 KB). Loaded Objects now: 3777.
Memory consumption went from 73.5 MB to 73.5 MB.
Total: 2.818500 ms (FindLiveObjects: 0.240400 ms CreateObjectMapping: 0.097500 ms MarkObjects: 2.457200 ms  DeleteObjects: 0.022000 ms)

Prepare: number of updated asset objects reloaded= 0
AssetImportParameters requested are different than current active one (requested -> active):
  custom:container-demuxer-ogg: 62fdf1f143b41e24485cea50d1cbac27 -> 
  custom:video-codec-MediaFoundation-h265: 746d11721c4dcdbdad8f713fa42b33f4 -> 
  custom:video-decoder-ogg-theora: a1e56fd34408186e4bbccfd4996cb3dc -> 
  custom:framework-win-MediaFoundation: 216162199b28c13a410421893ffa2e32 -> 
  custom:CustomObjectIndexerAttribute: 756ad292c208cfabdd7b50bc23989ffe -> 
  custom:container-demuxer-webm: 4f35f7cbe854078d1ac9338744f61a02 -> 
  custom:container-muxer-webm: aa71ff27fc2769a1b78a27578f13a17b -> 
  custom:video-decoder-webm-vp8: 9c59270c3fd7afecdb556c50c9e8de78 -> 
  custom:SearchIndexIgnoredProperties: e643bd26f0fe6173181afceb89e7c659 -> 
  custom:AudioImporter_EditorPlatform: d09bf68614088b80899f8185d706f6e7 -> 
  custom:video-encoder-webm-vp8: eb34c28f22e8b96e1ab97ce403110664 -> 
  custom:audio-decoder-ogg-vorbis: bf7c407c2cedff20999df2af8eb42d56 -> 
  custom:audio-encoder-webm-vorbis: bf7c407c2cedff20999df2af8eb42d56 -> 
========================================================================
Received Import Request.
  Time since last request: 298795.017984 seconds.
  path: Assets/Prefabs/RohithPrefab/Sidewall
  artifactKey: Guid(375676f0ba5ddca4db248117b0aade2b) Importer(815301076,1909f56bfc062723c751e8b465ee728b)
Start importing Assets/Prefabs/RohithPrefab/Sidewall using Guid(375676f0ba5ddca4db248117b0aade2b) Importer(815301076,1909f56bfc062723c751e8b465ee728b)  -> (artifact id: 'ea89be25deb843c3f17082c70cd4c356') in 0.003754 seconds
Number of updated asset objects reloaded before import = 0
Number of asset objects unloaded after import = 0
========================================================================
Received Import Request.
  Time since last request: 3.566842 seconds.
  path: Assets/Prefabs/RohithPrefab/Sidewall/props.fbx
  artifactKey: Guid(0e25dfcb0a424f14bb655e30ee9defd0) Importer(815301076,1909f56bfc062723c751e8b465ee728b)
Start importing Assets/Prefabs/RohithPrefab/Sidewall/props.fbx using Guid(0e25dfcb0a424f14bb655e30ee9defd0) Importer(815301076,1909f56bfc062723c751e8b465ee728b)  -> (artifact id: 'c486b4158b6f3a285193602d9f4081c3') in 0.116553 seconds
Number of updated asset objects reloaded before import = 0
Number of asset objects unloaded after import = 7
========================================================================
Received Import Request.
  Time since last request: 6.325197 seconds.
  path: Assets/Prefabs/RohithPrefab/Sidewall/props_DefaultMaterial_BaseMap.1001.png
  artifactKey: Guid(bb7fc8d1e96101641b074eeaff4419ab) Importer(815301076,1909f56bfc062723c751e8b465ee728b)
Start importing Assets/Prefabs/RohithPrefab/Sidewall/props_DefaultMaterial_BaseMap.1001.png using Guid(bb7fc8d1e96101641b074eeaff4419ab) Importer(815301076,1909f56bfc062723c751e8b465ee728b)  -> (artifact id: 'c619f06927bd6c02b461e844118fab32') in 0.043439 seconds
Number of updated asset objects reloaded before import = 0
Number of asset objects unloaded after import = 2
========================================================================
Received Import Request.
  Time since last request: 24.928051 seconds.
  path: Assets/Prefabs/RohithPrefab/Sidewall/New Material.mat
  artifactKey: Guid(14b9e0baa7ff1e64eab025fa382274e3) Importer(815301076,1909f56bfc062723c751e8b465ee728b)
Start importing Assets/Prefabs/RohithPrefab/Sidewall/New Material.mat using Guid(14b9e0baa7ff1e64eab025fa382274e3) Importer(815301076,1909f56bfc062723c751e8b465ee728b)  -> (artifact id: '32d43b5069ebeb5d6c9e88f82cae5251') in 0.035025 seconds
Number of updated asset objects reloaded before import = 0
Number of asset objects unloaded after import = 1
========================================================================
Received Import Request.
  Time since last request: 165.516523 seconds.
  path: Assets/Prefabs/RohithPrefab/Sidewall/all.fbx
  artifactKey: Guid(65a7c93da3b5045469237936b68cd5dc) Importer(815301076,1909f56bfc062723c751e8b465ee728b)
Start importing Assets/Prefabs/RohithPrefab/Sidewall/all.fbx using Guid(65a7c93da3b5045469237936b68cd5dc) Importer(815301076,1909f56bfc062723c751e8b465ee728b)  -> (artifact id: '96a1ee387e6ba6a5efe3fc0a493084f3') in 0.556285 seconds
Number of updated asset objects reloaded before import = 0
Number of asset objects unloaded after import = 328
========================================================================
Received Import Request.
  Time since last request: 53.560314 seconds.
  path: Assets/Prefabs/RohithPrefab/Sidewall/New Material 1.mat
  artifactKey: Guid(42e6be505a16637418079141e613f589) Importer(815301076,1909f56bfc062723c751e8b465ee728b)
Start importing Assets/Prefabs/RohithPrefab/Sidewall/New Material 1.mat using Guid(42e6be505a16637418079141e613f589) Importer(815301076,1909f56bfc062723c751e8b465ee728b)  -> (artifact id: '556f4125f9ee79c753425b5331833517') in 0.015565 seconds
Number of updated asset objects reloaded before import = 0
Number of asset objects unloaded after import = 1
========================================================================
Received Import Request.
  Time since last request: 15.543405 seconds.
  path: Assets/Prefabs/RohithPrefab/Sidewall/New Material 2.mat
  artifactKey: Guid(71376917ccbdf644a985aaa5c0a55b53) Importer(815301076,1909f56bfc062723c751e8b465ee728b)
Start importing Assets/Prefabs/RohithPrefab/Sidewall/New Material 2.mat using Guid(71376917ccbdf644a985aaa5c0a55b53) Importer(815301076,1909f56bfc062723c751e8b465ee728b)  -> (artifact id: '001914f510b82694ec22c4ef71082d92') in 0.018363 seconds
Number of updated asset objects reloaded before import = 0
Number of asset objects unloaded after import = 1
